# JRE version: OpenJDK Runtime Environment Corretto-11.0.19.7.1 (11.0.19+7) (build 11.0.19+7-LTS)
# Java VM: OpenJDK 64-Bit Server VM Corretto-11.0.19.7.1 (11.0.19+7-LTS, mixed mode, tiered, compressed oops, g1 gc, bsd-aarch64)
Heap:
 garbage-first heap   total 315392K, used 83653K [0x00000006c0000000, 0x00000007c0000000)
  region size 1024K, 52 young (53248K), 20 survivors (20480K)
 Metaspace       used 61958K, capacity 63187K, committed 63424K, reserved 1105920K
  class space    used 7275K, capacity 7759K, committed 7872K, reserved 1048576K
GC Heap History (16 events):
Event: 0.364 GC heap before
{Heap before GC invocations=0 (full 0):
 garbage-first heap   total 262144K, used 23552K [0x00000006c0000000, 0x00000007c0000000)
  region size 1024K, 24 young (24576K), 0 survivors (0K)
 Metaspace       used 13490K, capacity 13743K, committed 13824K, reserved 1060864K
  class space    used 1372K, capacity 1461K, committed 1536K, reserved 1048576K
}
Event: 0.367 GC heap after
{Heap after GC invocations=1 (full 0):
 garbage-first heap   total 262144K, used 5516K [0x00000006c0000000, 0x00000007c0000000)
  region size 1024K, 3 young (3072K), 3 survivors (3072K)
 Metaspace       used 13490K, capacity 13743K, committed 13824K, reserved 1060864K
  class space    used 1372K, capacity 1461K, committed 1536K, reserved 1048576K
}
Event: 0.582 GC heap before
{Heap before GC invocations=1 (full 0):
 garbage-first heap   total 262144K, used 44428K [0x00000006c0000000, 0x00000007c0000000)
  region size 1024K, 42 young (43008K), 3 survivors (3072K)
 Metaspace       used 20658K, capacity 21075K, committed 21248K, reserved 1069056K
  class space    used 2278K, capacity 2448K, committed 2560K, reserved 1048576K
}
Event: 0.586 GC heap after
{Heap after GC invocations=2 (full 0):
 garbage-first heap   total 262144K, used 6967K [0x00000006c0000000, 0x00000007c0000000)
  region size 1024K, 5 young (5120K), 5 survivors (5120K)
 Metaspace       used 20658K, capacity 21075K, committed 21248K, reserved 1069056K
  class space    used 2278K, capacity 2448K, committed 2560K, reserved 1048576K
}
Event: 0.871 GC heap before
{Heap before GC invocations=3 (full 0):
 garbage-first heap   total 262144K, used 52023K [0x00000006c0000000, 0x00000007c0000000)
  region size 1024K, 49 young (50176K), 5 survivors (5120K)
 Metaspace       used 28424K, capacity 29019K, committed 29184K, reserved 1075200K
  class space    used 3307K, capacity 3575K, committed 3584K, reserved 1048576K
}
Event: 0.876 GC heap after
{Heap after GC invocations=4 (full 0):
 garbage-first heap   total 262144K, used 9896K [0x00000006c0000000, 0x00000007c0000000)
  region size 1024K, 5 young (5120K), 5 survivors (5120K)
 Metaspace       used 28424K, capacity 29019K, committed 29184K, reserved 1075200K
  class space    used 3307K, capacity 3575K, committed 3584K, reserved 1048576K
}
Event: 1.348 GC heap before
{Heap before GC invocations=4 (full 0):
 garbage-first heap   total 262144K, used 91816K [0x00000006c0000000, 0x00000007c0000000)
  region size 1024K, 85 young (87040K), 5 survivors (5120K)
 Metaspace       used 33699K, capacity 34435K, committed 34560K, reserved 1079296K
  class space    used 3944K, capacity 4256K, committed 4352K, reserved 1048576K
}
Event: 1.352 GC heap after
{Heap after GC invocations=5 (full 0):
 garbage-first heap   total 262144K, used 14140K [0x00000006c0000000, 0x00000007c0000000)
  region size 1024K, 9 young (9216K), 9 survivors (9216K)
 Metaspace       used 33699K, capacity 34435K, committed 34560K, reserved 1079296K
  class space    used 3944K, capacity 4256K, committed 4352K, reserved 1048576K
}
Event: 1.470 GC heap before
{Heap before GC invocations=5 (full 0):
 garbage-first heap   total 262144K, used 32572K [0x00000006c0000000, 0x00000007c0000000)
  region size 1024K, 28 young (28672K), 9 survivors (9216K)
 Metaspace       used 35000K, capacity 35788K, committed 35840K, reserved 1081344K
  class space    used 4115K, capacity 4468K, committed 4480K, reserved 1048576K
}
Event: 1.477 GC heap after
{Heap after GC invocations=6 (full 0):
 garbage-first heap   total 315392K, used 15672K [0x00000006c0000000, 0x00000007c0000000)
  region size 1024K, 10 young (10240K), 10 survivors (10240K)
 Metaspace       used 35000K, capacity 35788K, committed 35840K, reserved 1081344K
  class space    used 4115K, capacity 4468K, committed 4480K, reserved 1048576K
}
Event: 2.489 GC heap before
{Heap before GC invocations=7 (full 0):
 garbage-first heap   total 315392K, used 184632K [0x00000006c0000000, 0x00000007c0000000)
  region size 1024K, 175 young (179200K), 10 survivors (10240K)
 Metaspace       used 47772K, capacity 48785K, committed 48960K, reserved 1091584K
  class space    used 5681K, capacity 6093K, committed 6208K, reserved 1048576K
}
Event: 2.499 GC heap after
{Heap after GC invocations=8 (full 0):
 garbage-first heap   total 315392K, used 29658K [0x00000006c0000000, 0x00000007c0000000)
  region size 1024K, 22 young (22528K), 22 survivors (22528K)
 Metaspace       used 47772K, capacity 48785K, committed 48960K, reserved 1091584K
  class space    used 5681K, capacity 6093K, committed 6208K, reserved 1048576K
}
Event: 29.948 GC heap before
{Heap before GC invocations=8 (full 0):
 garbage-first heap   total 315392K, used 90074K [0x00000006c0000000, 0x00000007c0000000)
  region size 1024K, 82 young (83968K), 22 survivors (22528K)
 Metaspace       used 58886K, capacity 60041K, committed 60224K, reserved 1101824K
  class space    used 7045K, capacity 7484K, committed 7488K, reserved 1048576K
}
Event: 29.958 GC heap after
{Heap after GC invocations=9 (full 0):
 garbage-first heap   total 315392K, used 32947K [0x00000006c0000000, 0x00000007c0000000)
  region size 1024K, 7 young (7168K), 7 survivors (7168K)
 Metaspace       used 58886K, capacity 60041K, committed 60224K, reserved 1101824K
  class space    used 7045K, capacity 7484K, committed 7488K, reserved 1048576K
}
Event: 63767.132 GC heap before
{Heap before GC invocations=10 (full 0):
 garbage-first heap   total 315392K, used 189619K [0x00000006c0000000, 0x00000007c0000000)
  region size 1024K, 160 young (163840K), 7 survivors (7168K)
 Metaspace       used 61536K, capacity 62679K, committed 62784K, reserved 1103872K
  class space    used 7254K, capacity 7721K, committed 7744K, reserved 1048576K
}
Event: 63767.184 GC heap after
{Heap after GC invocations=11 (full 0):
 garbage-first heap   total 315392K, used 51909K [0x00000006c0000000, 0x00000007c0000000)
  region size 1024K, 20 young (20480K), 20 survivors (20480K)
 Metaspace       used 61536K, capacity 62679K, committed 62784K, reserved 1103872K
  class space    used 7254K, capacity 7721K, committed 7744K, reserved 1048576K
}

